{
'All_data\XSENSAwinda\MT_2020-07-03_006_00B44910.txt';
'All_data\XSENSAwinda\MT_2020-07-03_006_00B4490A.txt';
'All_data\vicon_knee_angle\Lknee trial 206.txt';
[2.85 1.62 -5.93 -10.04 4.25 2.21 1 3 0]
}
{
'All_data/XSENSAwinda/MT_2020-07-03_006_00B44912.txt';
'All_data/XSENSAwinda/MT_2020-07-03_006_00B44916.txt';
'All_data/Vicon/20200703/Rknee trial 206.txt';
[2.48 -0.43 3.87 -10.77 -3.42 1.15 1 3 0]
}
{
'All_data/XSENSAwinda/MT_2020-07-03_009_00B44912.txt';
'All_data/XSENSAwinda/MT_2020-07-03_009_00B44916.txt';
'All_data/Vicon/20200703/Rknee trial 209.txt';
[1.94 0.11 5.15 -9.86 -2.66 1.96 1 6 0]
}
{
'All_data/XSENSAwinda/MT_2020-07-03_011_00B44910.txt';'All_data/XSENSAwinda/MT_2020-07-03_011_00B4490A.txt';'All_data/Vicon/20200703/Lknee trial 211.txt';[2.57 1.60 -8.82 -9.60 5.08 -0.16 1 3 0]
}
{
'All_data/XSENSAwinda/MT_2020-07-03_011_00B44912.txt';'All_data/XSENSAwinda/MT_2020-07-03_011_00B44916.txt';'All_data/Vicon/20200703/Rknee trial 211.txt';[0.69 -1.11 1.87 -10.20 -4.55 -1.67 1 3 0]
}
{
'All_data/XSENSAwinda/MT_2020-07-03_013_00B44910.txt';'All_data/XSENSAwinda/MT_2020-07-03_013_00B4490A.txt';'All_data/Vicon/20200703/Lknee trial 213.txt';[1.27 1.13 -11.50 -9.62 1.34 -3.60 1 3 0]
}
{
'All_data/XSENSAwinda/MT_2020-07-03_013_00B44912.txt';'All_data/XSENSAwinda/MT_2020-07-03_013_00B44916.txt';'All_data/Vicon/20200703/Rknee trial 213.txt';[4.36 -2.51 12.01 -14.56 -4.20 3.81 1 3 0]
}
{
'All_data/XSENSAwinda/MT_2020-07-03_015_00B44912.txt';'All_data/XSENSAwinda/MT_2020-07-03_015_00B44916.txt';'All_data/Vicon/20200703/Rknee trial 215.txt';[6.42 -2.19 11.61 -13.05 -3.34 3.91 1 6 0]
}
{
'All_data/XSENSAwinda/MT_2020-07-03_017_00B44910.txt';'All_data/XSENSAwinda/MT_2020-07-03_017_00B4490A.txt';'All_data/Vicon/20200703/Lknee trial 217.txt';[0.56 2.46 -11.29 -9.78 3.06 -3.88 1 3 0]
}
{
'All_data/XSENSAwinda/MT_2020-07-03_017_00B44912.txt';'All_data/XSENSAwinda/MT_2020-07-03_017_00B44916.txt';'All_data/Vicon/20200703/Rknee trial 217.txt';[4.84 -2.95 11.97 -13.67 -4.38 4.21 1 3 0]
}
{
'All_data/XSENSAwinda/MT_2020-07-07_003_00B44910.txt';'All_data/XSENSAwinda/MT_2020-07-07_003_00B4490A.txt';'All_data/Vicon/20200707/Lknee trial 221.txt';[1.16 2.80 2.32 -6.85 6.44 8.23 1 3 0]
}
{
'All_data/XSENSAwinda/MT_2020-07-07_003_00B44912.txt';'All_data/XSENSAwinda/MT_2020-07-07_003_00B44916.txt';'All_data/Vicon/20200707/Rknee trial 221.txt';[-4.64 -0.52 6.68 -10.80 -1.59 -5.01 1 3 0]
}
{
'All_data/XSENSAwinda/MT_2020-07-07_007_00B44910.txt';'All_data/XSENSAwinda/MT_2020-07-07_007_00B4490A.txt';'All_data/Vicon/20200707/Lknee trial 225.txt';[0.64 1.73 0.83 -7.28 5.20 6.34 1 6 0]
}
{
'All_data/XSENSAwinda/MT_2020-07-07_013_00B44910.txt';'All_data/XSENSAwinda/MT_2020-07-07_013_00B4490A.txt';'All_data/Vicon/20200707/Lknee trial 231.txt';[0.31 2.43 -2.63 -9.58 6.12 0.95 1 3 0]
}
{
'All_data/XSENSAwinda/MT_2020-07-07_013_00B44912.txt';'All_data/XSENSAwinda/MT_2020-07-07_013_00B44916.txt';'All_data/Vicon/20200707/Rknee trial 231.txt';[-4.80 -1.16 6.50 -10.61 -3.14 -2.09 1 3 0]
}
{
'All_data/XSENSAwinda/MT_2020-07-07_017_00B44910.txt';'All_data/XSENSAwinda/MT_2020-07-07_017_00B4490A.txt';'All_data/Vicon/20200707/Lknee trial 240.txt';[-4.11 2.51 -10.85 -4.12 3.12 -2.96 1 3 0]
}
{
'All_data/XSENSAwinda/MT_2020-07-07_017_00B44912.txt';'All_data/XSENSAwinda/MT_2020-07-07_017_00B44916.txt';'All_data/Vicon/20200707/Rknee trial 240.txt';[-0.32 -1.98 2.14 -6.07 -3.47 -4.18 1 3 0]
}
{
'All_data/XSENSAwinda/MT_2020-07-07_019_00B44912.txt';'All_data/XSENSAwinda/MT_2020-07-07_019_00B44916.txt';'All_data/Vicon/20200707/Rknee trial 242.txt';[-0.63 -1.85 4.55 -5.75 -3.34 -2.23 1 6 0]
}
{
'All_data/XSENSAwinda/MT_2020-07-07_022_00B44910.txt';'All_data/XSENSAwinda/MT_2020-07-07_022_00B4490A.txt';'All_data/Vicon/20200707/Lknee trial 245.txt';[-6.95 1.82 -7.38 -3.50 2.25 0.10 1 3 0]
}
{
'All_data/XSENSAwinda/MT_2020-07-07_022_00B44912.txt';'All_data/XSENSAwinda/MT_2020-07-07_022_00B44916.txt';'All_data/Vicon/20200707/Rknee trial 245.txt';[-4.26 -1.83 1.18 -4.85 -2.77 -4.97 1 3 0]
}
{
'All_data/XSENSAwinda/MT_2020-07-10_002_00B44910.txt';'All_data/XSENSAwinda/MT_2020-07-10_002_00B4490A.txt';'All_data/Vicon/20200710/Lknee trial 262.txt';[-0.50 3.64 -3.56 -7.68 3.77 6.10 1 3 0]
}
{
'All_data/XSENSAwinda/MT_2020-07-10_002_00B44912.txt';'All_data/XSENSAwinda/MT_2020-07-10_002_00B44916.txt';'All_data/Vicon/20200710/Rknee trial 262.txt';[1.37 -2.96 10.18 -9.07 -0.63 -1.52 1 3 0]
}    
{
'All_data/XSENSAwinda/MT_2020-07-10_003_00B44912.txt';'All_data/XSENSAwinda/MT_2020-07-10_003_00B44916.txt';'All_data/Vicon/20200710/Rknee trial 263.txt';[0.16 -3.01 7.67 -9.12 -0.21 -2.52 1 6 0]
}
{
'All_data/XSENSAwinda/MT_2020-07-10_005_00B44910.txt';'All_data/XSENSAwinda/MT_2020-07-10_005_00B4490A.txt';'All_data/Vicon/20200710/Lknee trial 265.txt';[-3.30 2.30 -5.04 -10.23 3.92 4.99 1 3 0]
}
{
'All_data/XSENSAwinda/MT_2020-07-10_005_00B44912.txt';'All_data/XSENSAwinda/MT_2020-07-10_005_00B44916.txt';'All_data/Vicon/20200710/Rknee trial 265.txt';[-0.94 -3.07 5.07 -11.52 0.57 -0.18 1 3 0]
}
{
'All_data/XSENSAwinda/MT_2020-07-10_010_00B44910.txt';'All_data/XSENSAwinda/MT_2020-07-10_010_00B4490A.txt';'All_data/Vicon/20200710/Lknee trial 271.txt';[-0.33 2.45 -0.22 -9.88 6.64 6.86 1 3 0]
}
{
'All_data/XSENSAwinda/MT_2020-07-10_010_00B44912.txt';'All_data/XSENSAwinda/MT_2020-07-10_010_00B44916.txt';'All_data/Vicon/20200710/Rknee trial 271.txt';[0.24 -1.39 5.11 -9.96 -6.16 -2.03 1 3 0]
}
{
'All_data/XSENSAwinda/MT_2020-07-10_012_00B44912.txt';'All_data/XSENSAwinda/MT_2020-07-10_012_00B44916.txt';'All_data/Vicon/20200710/Rknee trial 273.txt';[-2.25 -2.07 1.60 -11.48 -7.26 -4.92 1 6 0]
}
{
'All_data/XSENSAwinda/MT_2020-07-10_015_00B44910.txt';'All_data/XSENSAwinda/MT_2020-07-10_015_00B4490A.txt';'All_data/Vicon/20200710/Lknee trial 276.txt';[-2.86 2.39 -1.78 -12.08 7.14 5.67 1 3 0]
}
{
'All_data/XSENSAwinda/MT_2020-07-10_015_00B44912.txt';'All_data/XSENSAwinda/MT_2020-07-10_015_00B44916.txt';'All_data/Vicon/20200710/Rknee trial 276.txt';[2.00 -2.36 -0.47 -11.67 -6.96 -6.24 1 3 0]
}
{
'All_data/XSENSAwinda/MT_2020-07-10_020_00B44910.txt';'All_data/XSENSAwinda/MT_2020-07-10_020_00B4490A.txt';'All_data/Vicon/20200710/Lknee trial 287.txt';[-1.83 3.50 1.83 -7.55 4.60 7.40 1 3 0]
}
{
'All_data/XSENSAwinda/MT_2020-07-10_020_00B44912.txt';'All_data/XSENSAwinda/MT_2020-07-10_020_00B44916.txt';'All_data/Vicon/20200710/Rknee trial 287.txt';[0.11 -0.91 6.32 -9.27 -2.76 0.36 1 3 0]
}
{
'All_data/XSENSAwinda/MT_2020-07-10_022_00B44910.txt';'All_data/XSENSAwinda/MT_2020-07-10_022_00B4490A.txt';'All_data/Vicon/20200710/Lknee trial 289.txt';[-1.71 3.96 1.00 -9.27 5.20 5.93 1 6 0]
}
{
'All_data/XSENSAwinda/MT_2020-07-10_027_00B44910.txt';'All_data/XSENSAwinda/MT_2020-07-10_027_00B4490A.txt';'All_data/Vicon/20200710/Lknee trial 296.txt';[-2.80 3.79 -0.47 -8.60 5.25 4.11 1 3 0]
}
{
'All_data/XSENSAwinda/MT_2020-07-10_027_00B44912.txt';'All_data/XSENSAwinda/MT_2020-07-10_027_00B44916.txt';'All_data/Vicon/20200710/Rknee trial 296.txt';[-0.73 -0.66 6.37 -10.41 -2.68 1.40 1 3 0]
}	
{
'All_data/XSENSAwinda/MT_2020-07-10_035_00B44910.txt';'All_data/XSENSAwinda/MT_2020-07-10_035_00B4490A.txt';'All_data/Vicon/20200710/Lknee trial 306.txt';[-1.29 3.70 -2.23 -8.46 5.44 3.05 1 3 0]
}
{
'All_data/XSENSAwinda/MT_2020-07-10_035_00B44912.txt';'All_data/XSENSAwinda/MT_2020-07-10_035_00B44916.txt';'All_data/Vicon/20200710/Rknee trial 306.txt';[0.30 -2.72 5.05 -8.63 -2.36 -0.96 1 3 0]
}
{
'All_data/XSENSAwinda/MT_2020-07-10_037_00B44910.txt';'All_data/XSENSAwinda/MT_2020-07-10_037_00B4490A.txt';'All_data/Vicon/20200710/Lknee trial 308.txt';[-1.67 2.45 -1.33 -7.60 3.94 4.73 1 6 0]
}
{
'All_data/XSENSAwinda/MT_2020-07-10_040_00B44910.txt';'All_data/XSENSAwinda/MT_2020-07-10_040_00B4490A.txt';'All_data/Vicon/20200710/Lknee trial 311.txt';[-3.38 3.91 -2.14 -9.53 5.70 3.34 1 3 0]
}
{
'All_data/XSENSAwinda/MT_2020-07-10_040_00B44912.txt';'All_data/XSENSAwinda/MT_2020-07-10_040_00B44916.txt';'All_data/Vicon/20200710/Rknee trial 311.txt';[-0.86 -2.71 1.42 -9.44 -2.12 -3.50 1 3 0]
}
{
'All_data/XSENSAwinda/MT_2020-07-10_047_00B44910.txt';'All_data/XSENSAwinda/MT_2020-07-10_047_00B4490A.txt';'All_data/Vicon/20200710/Lknee trial 320.txt';[-0.14 2.79 0.86 -7.48 2.27 3.02 1 3 0]
}
{
'All_data/XSENSAwinda/MT_2020-07-10_047_00B44912.txt';'All_data/XSENSAwinda/MT_2020-07-10_047_00B44916.txt';'All_data/Vicon/20200710/Rknee trial 320.txt';[4.75 -3.18 6.05 -7.89 -2.84 -1.63 1 3 0]
}
{
'All_data/XSENSAwinda/MT_2020-07-10_048_00B44912.txt';'All_data/XSENSAwinda/MT_2020-07-10_048_00B44916.txt';'All_data/Vicon/20200710/Rknee trial 321.txt';[3.24 -1.96 4.13 -7.79 -2.31 -2.14 1 6 0]
}
{
'All_data/XSENSAwinda/MT_2020-07-10_050_00B44910.txt';'All_data/XSENSAwinda/MT_2020-07-10_050_00B4490A.txt';'All_data/Vicon/20200710/Lknee trial 323.txt';[-1.02 3.19 -0.10 -8.85 2.42 2.59 1 3 0]
}
{
'All_data/XSENSAwinda/MT_2020-07-10_050_00B44912.txt';'All_data/XSENSAwinda/MT_2020-07-10_050_00B44916.txt';'All_data/Vicon/20200710/Rknee trial 323.txt';[5.05 -2.80 4.45 -8.56 -3.53 -1.07 1 3 0]
}
{
'All_data/XSENSAwinda/MT_2020-07-10_058_00B44910.txt';'All_data/XSENSAwinda/MT_2020-07-10_058_00B4490A.txt';'All_data/Vicon/20200710/Lknee trial 335.txt';[-3.09 5.31 -0.37 -13.61 4.69 6.61 1 3 0]
}
{
'All_data/XSENSAwinda/MT_2020-07-10_058_00B44912.txt';'All_data/XSENSAwinda/MT_2020-07-10_058_00B44916.txt';'All_data/Vicon/20200710/Rknee trial 335.txt';[-0.24 -1.71 6.28 -15.69 -1.99 -2.30 1 3 0]
}
{
'All_data/XSENSAwinda/MT_2020-07-10_060_00B44912.txt';'All_data/XSENSAwinda/MT_2020-07-10_060_00B44916.txt';'All_data/Vicon/20200710/Rknee trial 337.txt';[-0.97 -2.97 9.45 -15.18 -2.63 -0.39 1 6 0]
}
{
'All_data/XSENSAwinda/MT_2020-07-10_064_00B44910.txt';'All_data/XSENSAwinda/MT_2020-07-10_064_00B4490A.txt';'All_data/Vicon/20200710/Lknee trial 341.txt';[-4.92 4.74 -4.10 -12.90 3.35 3.28 1 3 0]
}
{
'All_data/XSENSAwinda/MT_2020-07-10_064_00B44912.txt';'All_data/XSENSAwinda/MT_2020-07-10_064_00B44916.txt';'All_data/Vicon/20200710/Rknee trial 341.txt';[-2.28 -3.02 10.14 -13.97 -1.48 -0.92 1 3 0]
}
{
'All_data/XSENSAwinda/MT_2020-07-11_004_00B44910.txt';'All_data/XSENSAwinda/MT_2020-07-11_004_00B4490A.txt';'All_data/Vicon/20200711/Lknee trial 357.txt';[-4.16 1.45 -6.61 -4.69 1.76 0.20 1 3 0]
}
{
'All_data/XSENSAwinda/MT_2020-07-11_004_00B44912.txt';'All_data/XSENSAwinda/MT_2020-07-11_004_00B44916.txt';'All_data/Vicon/20200711/Rknee trial 357.txt';[4.54 -2.43 5.62 -9.99 -5.21 -1.48 1 3 0]
}
{
'All_data/XSENSAwinda/MT_2020-07-11_005_00B44910.txt';'All_data/XSENSAwinda/MT_2020-07-11_005_00B4490A.txt';'All_data/Vicon/20200711/Lknee trial 358.txt';[-4.64 1.35 -5.26 -3.84 1.25 1.48 1 6 0]
}
{
'All_data/XSENSAwinda/MT_2020-07-11_008_00B44910.txt';'All_data/XSENSAwinda/MT_2020-07-11_008_00B4490A.txt';'All_data/Vicon/20200711/Lknee trial 361.txt';[-7.15 1.77 -5.70 -7.44 2.18 0.92 1 3 0]
}
{
'All_data/XSENSAwinda/MT_2020-07-11_008_00B44912.txt';'All_data/XSENSAwinda/MT_2020-07-11_008_00B44916.txt';'All_data/Vicon/20200711/Rknee trial 361.txt';[-1.44 -2.39 4.93 -5.30 -3.79 -2.05 1 3 0]
}
{
'All_data/XSENSAwinda/MT_2020-07-11_013_00B44910.txt';'All_data/XSENSAwinda/MT_2020-07-11_013_00B4490A.txt';'All_data/Vicon/20200711/Lknee trial 372.txt';[-0.74 0.30 0.41 -12.71 5.01 4.90 1 3 0]
}
{
'All_data/XSENSAwinda/MT_2020-07-11_013_00B44912.txt';'All_data/XSENSAwinda/MT_2020-07-11_013_00B44916.txt';'All_data/Vicon/20200711/Rknee trial 372.txt';[-0.64 0.36 3.56 -12.31 -3.88 -1.52 1 3 0]
}
{
'All_data/XSENSAwinda/MT_2020-07-11_014_00B44912.txt';'All_data/XSENSAwinda/MT_2020-07-11_014_00B44916.txt';'All_data/Vicon/20200711/Rknee trial 373.txt';[1.94 0.03 3.75 -10.75 -4.57 -1.75 1 6 0]
}
{
'All_data/XSENSAwinda/MT_2020-07-11_017_00B44910.txt';'All_data/XSENSAwinda/MT_2020-07-11_017_00B4490A.txt';'All_data/Vicon/20200711/Lknee trial 376.txt';[-4.43 0.36 0.33 -9.77 3.87 6.04 1 3 0]
}
{
'All_data/XSENSAwinda/MT_2020-07-11_017_00B44912.txt';'All_data/XSENSAwinda/MT_2020-07-11_017_00B44916.txt';'All_data/Vicon/20200711/Rknee trial 376.txt';[-2.52 -1.20 -0.68 -7.99 -4.66 -7.24 1 3 0]
}
{
'All_data/XSENSAwinda/MT_2020-07-11_022_00B44910.txt';'All_data/XSENSAwinda/MT_2020-07-11_022_00B4490A.txt';'All_data/Vicon/20200711/Lknee trial 387.txt';[-8.94 4.56 5.16 -4.02 3.55 10.66 1 3 0]
}
{
'All_data/XSENSAwinda/MT_2020-07-11_022_00B44912.txt';'All_data/XSENSAwinda/MT_2020-07-11_022_00B44916.txt';'All_data/Vicon/20200711/Rknee trial 387.txt';[-10.27 -3.66 -1.70 -2.56 -2.10 -6.33 1 3 0]
}
{
'All_data/XSENSAwinda/MT_2020-07-11_024_00B44912.txt';'All_data/XSENSAwinda/MT_2020-07-11_024_00B44916.txt';'All_data/Vicon/20200711/Rknee trial 389.txt';[-8.74 -3.20 1.73 -1.69 -0.93 -4.10 1 6 0]
}
{
'All_data/XSENSAwinda/MT_2020-07-11_027_00B44910.txt';'All_data/XSENSAwinda/MT_2020-07-11_027_00B4490A.txt';'All_data/Vicon/20200711/Lknee trial 392.txt';[-11.69 3.83 1.56 -5.38 3.67 8.22 1 3 0]
}
{
'All_data/XSENSAwinda/MT_2020-07-11_027_00B44912.txt';'All_data/XSENSAwinda/MT_2020-07-11_027_00B44916.txt';'All_data/Vicon/20200711/Rknee trial 392.txt';[-12.30 -3.86 -2.49 -3.11 -2.24 -6.91 1 3 0]
}
{
'All_data/XSENSAwinda/MT_2020-07-11_031_00B44910.txt';'All_data/XSENSAwinda/MT_2020-07-11_031_00B4490A.txt';'All_data/Vicon/20200711/Lknee trial 396.txt';[-1.28 3.87 -7.85 -10.65 4.10 -4.47 1 3 0]
}
{
'All_data/XSENSAwinda/MT_2020-07-11_031_00B44912.txt';'All_data/XSENSAwinda/MT_2020-07-11_031_00B44916.txt';'All_data/Vicon/20200711/Rknee trial 396.txt';[-0.58 -4.83 9.89 -10.72 -3.66 -1.54 1 3 0]
}
{
'All_data/XSENSAwinda/MT_2020-07-11_033_00B44912.txt';'All_data/XSENSAwinda/MT_2020-07-11_033_00B44916.txt';'All_data/Vicon/20200711/Rknee trial 398.txt';[-1.20 -5.41 8.41 -14.20 -4.40 -0.74 1 6 0]
}
{
'All_data/XSENSAwinda/MT_2020-07-11_037_00B44910.txt';'All_data/XSENSAwinda/MT_2020-07-11_037_00B4490A.txt';'All_data/Vicon/20200711/Lknee trial 402.txt';[-3.72 3.10 -12.64 -11.55 2.45 -5.36 1 3 0]
}
{
'All_data/XSENSAwinda/MT_2020-07-11_037_00B44912.txt';'All_data/XSENSAwinda/MT_2020-07-11_037_00B44916.txt';'All_data/Vicon/20200711/Rknee trial 402.txt';[-2.58 -5.00 8.17 -12.66 -5.37 -2.07 1 3 0]
}


