device: cuda
target domain subjects: ['P_14_hunan', 'P_20_xuanweicheng', 'P_23_wangjinhong', 'P_24_liziqing']
test subjects id names: ['P_14_hunan']
 epoch based tranining
Model selection: DANN
source_loader len: 333, target_train_loader len:270, n_batch: 270
Validation loss decreased (inf --> 1.812576).  Saving model ...
Epoch: [ 1/100], reg_loss: 0.0779, transfer_loss: 0.0317, total_Loss: 0.1096, test_loss 1.812576, test_acc: -2.8266
Validation loss decreased (1.812576 --> 1.427347).  Saving model ...
Epoch: [ 2/100], reg_loss: 0.0638, transfer_loss: 0.0167, total_Loss: 0.0805, test_loss 1.427347, test_acc: -2.0007
Validation loss decreased (1.427347 --> 1.261724).  Saving model ...
Epoch: [ 3/100], reg_loss: 0.0448, transfer_loss: 0.0015, total_Loss: 0.0463, test_loss 1.261724, test_acc: -1.6629
Validation loss decreased (1.261724 --> 1.172358).  Saving model ...
Epoch: [ 4/100], reg_loss: 0.0460, transfer_loss: 0.0003, total_Loss: 0.0463, test_loss 1.172358, test_acc: -1.4793
EarlyStopping counter: 1 out of 20
Epoch: [ 5/100], reg_loss: 0.0426, transfer_loss: 0.0009, total_Loss: 0.0435, test_loss 1.359203, test_acc: -1.8679
EarlyStopping counter: 2 out of 20
Epoch: [ 6/100], reg_loss: 0.0327, transfer_loss: 0.0005, total_Loss: 0.0332, test_loss 1.370874, test_acc: -1.8886
EarlyStopping counter: 3 out of 20
Epoch: [ 7/100], reg_loss: 0.0383, transfer_loss: 0.0005, total_Loss: 0.0388, test_loss 1.301931, test_acc: -1.7470
EarlyStopping counter: 4 out of 20
Epoch: [ 8/100], reg_loss: 0.0317, transfer_loss: 0.0004, total_Loss: 0.0321, test_loss 1.383758, test_acc: -1.9105
EarlyStopping counter: 5 out of 20
Epoch: [ 9/100], reg_loss: 0.0333, transfer_loss: 0.0008, total_Loss: 0.0341, test_loss 1.402391, test_acc: -1.9449
EarlyStopping counter: 6 out of 20
Epoch: [10/100], reg_loss: 0.0293, transfer_loss: 0.0009, total_Loss: 0.0302, test_loss 1.469290, test_acc: -2.0851
EarlyStopping counter: 7 out of 20
Epoch: [11/100], reg_loss: 0.0294, transfer_loss: 0.0001, total_Loss: 0.0295, test_loss 1.483506, test_acc: -2.1165
EarlyStopping counter: 8 out of 20
Epoch: [12/100], reg_loss: 0.0285, transfer_loss: 0.0006, total_Loss: 0.0291, test_loss 1.433947, test_acc: -2.0078
EarlyStopping counter: 9 out of 20
Epoch: [13/100], reg_loss: 0.0283, transfer_loss: 0.0004, total_Loss: 0.0287, test_loss 1.462996, test_acc: -2.0674
EarlyStopping counter: 10 out of 20
Epoch: [14/100], reg_loss: 0.0306, transfer_loss: 0.0002, total_Loss: 0.0308, test_loss 1.380411, test_acc: -1.8970
EarlyStopping counter: 11 out of 20
Epoch: [15/100], reg_loss: 0.0271, transfer_loss: 0.0001, total_Loss: 0.0271, test_loss 1.383311, test_acc: -1.9028
EarlyStopping counter: 12 out of 20
Epoch: [16/100], reg_loss: 0.0284, transfer_loss: 0.0001, total_Loss: 0.0285, test_loss 1.461618, test_acc: -2.0727
EarlyStopping counter: 13 out of 20
Epoch: [17/100], reg_loss: 0.0296, transfer_loss: 0.0001, total_Loss: 0.0297, test_loss 1.521716, test_acc: -2.1934
EarlyStopping counter: 14 out of 20
Epoch: [18/100], reg_loss: 0.0248, transfer_loss: 0.0004, total_Loss: 0.0251, test_loss 1.485855, test_acc: -2.1200
EarlyStopping counter: 15 out of 20
Epoch: [19/100], reg_loss: 0.0275, transfer_loss: 0.0001, total_Loss: 0.0276, test_loss 1.572747, test_acc: -2.3022
EarlyStopping counter: 16 out of 20
Epoch: [20/100], reg_loss: 0.0254, transfer_loss: 0.0002, total_Loss: 0.0257, test_loss 1.520238, test_acc: -2.1922
EarlyStopping counter: 17 out of 20
Epoch: [21/100], reg_loss: 0.0242, transfer_loss: 0.0001, total_Loss: 0.0243, test_loss 1.592964, test_acc: -2.3395
EarlyStopping counter: 18 out of 20
Epoch: [22/100], reg_loss: 0.0239, transfer_loss: 0.0001, total_Loss: 0.0241, test_loss 1.582094, test_acc: -2.3161
EarlyStopping counter: 19 out of 20
Epoch: [23/100], reg_loss: 0.0280, transfer_loss: 0.0000, total_Loss: 0.0280, test_loss 1.569127, test_acc: -2.2929
EarlyStopping counter: 20 out of 20
Epoch: [24/100], reg_loss: 0.0247, transfer_loss: 0.0000, total_Loss: 0.0248, test_loss 1.593363, test_acc: -2.3382
Best result: -1.4793
test subjects id names: ['P_20_xuanweicheng']
 epoch based tranining
Model selection: DANN
source_loader len: 333, target_train_loader len:255, n_batch: 255
Validation loss decreased (inf --> 0.877683).  Saving model ...
Epoch: [ 1/100], reg_loss: 0.0726, transfer_loss: 0.0053, total_Loss: 0.0779, test_loss 0.877683, test_acc: 0.2722
EarlyStopping counter: 1 out of 20
Epoch: [ 2/100], reg_loss: 0.0591, transfer_loss: 0.0023, total_Loss: 0.0614, test_loss 1.335727, test_acc: -0.0930
EarlyStopping counter: 2 out of 20
Epoch: [ 3/100], reg_loss: 0.0522, transfer_loss: 0.0010, total_Loss: 0.0532, test_loss 1.415134, test_acc: -0.1584
EarlyStopping counter: 3 out of 20
Epoch: [ 4/100], reg_loss: 0.0450, transfer_loss: 0.0011, total_Loss: 0.0461, test_loss 1.494629, test_acc: -0.2223
EarlyStopping counter: 4 out of 20
Epoch: [ 5/100], reg_loss: 0.0403, transfer_loss: 0.0015, total_Loss: 0.0417, test_loss 1.587785, test_acc: -0.2986
EarlyStopping counter: 5 out of 20
Epoch: [ 6/100], reg_loss: 0.0368, transfer_loss: 0.0010, total_Loss: 0.0378, test_loss 1.662685, test_acc: -0.3591
EarlyStopping counter: 6 out of 20
Epoch: [ 7/100], reg_loss: 0.0368, transfer_loss: 0.0003, total_Loss: 0.0372, test_loss 1.686305, test_acc: -0.3787
EarlyStopping counter: 7 out of 20
Epoch: [ 8/100], reg_loss: 0.0343, transfer_loss: 0.0013, total_Loss: 0.0356, test_loss 1.699723, test_acc: -0.3906
EarlyStopping counter: 8 out of 20
Epoch: [ 9/100], reg_loss: 0.0345, transfer_loss: 0.0004, total_Loss: 0.0349, test_loss 1.828075, test_acc: -0.4984
EarlyStopping counter: 9 out of 20
Epoch: [10/100], reg_loss: 0.0299, transfer_loss: 0.0001, total_Loss: 0.0300, test_loss 1.833574, test_acc: -0.5025
EarlyStopping counter: 10 out of 20
Epoch: [11/100], reg_loss: 0.0300, transfer_loss: 0.0003, total_Loss: 0.0303, test_loss 1.890088, test_acc: -0.5489
EarlyStopping counter: 11 out of 20
Epoch: [12/100], reg_loss: 0.0374, transfer_loss: 0.0001, total_Loss: 0.0375, test_loss 1.923591, test_acc: -0.5762
EarlyStopping counter: 12 out of 20
Epoch: [13/100], reg_loss: 0.0266, transfer_loss: 0.0001, total_Loss: 0.0268, test_loss 1.945184, test_acc: -0.5943
EarlyStopping counter: 13 out of 20
Epoch: [14/100], reg_loss: 0.0246, transfer_loss: 0.0001, total_Loss: 0.0247, test_loss 1.966787, test_acc: -0.6126
EarlyStopping counter: 14 out of 20
Epoch: [15/100], reg_loss: 0.0258, transfer_loss: 0.0001, total_Loss: 0.0259, test_loss 1.914137, test_acc: -0.5677
EarlyStopping counter: 15 out of 20
Epoch: [16/100], reg_loss: 0.0249, transfer_loss: 0.0001, total_Loss: 0.0250, test_loss 2.001547, test_acc: -0.6422
EarlyStopping counter: 16 out of 20
Epoch: [17/100], reg_loss: 0.0204, transfer_loss: 0.0000, total_Loss: 0.0205, test_loss 2.017958, test_acc: -0.6552
EarlyStopping counter: 17 out of 20
Epoch: [18/100], reg_loss: 0.0256, transfer_loss: 0.0001, total_Loss: 0.0257, test_loss 2.064984, test_acc: -0.6944
EarlyStopping counter: 18 out of 20
Epoch: [19/100], reg_loss: 0.0256, transfer_loss: 0.0000, total_Loss: 0.0256, test_loss 2.053695, test_acc: -0.6850
EarlyStopping counter: 19 out of 20
Epoch: [20/100], reg_loss: 0.0220, transfer_loss: 0.0000, total_Loss: 0.0221, test_loss 2.052859, test_acc: -0.6841
EarlyStopping counter: 20 out of 20
Epoch: [21/100], reg_loss: 0.0222, transfer_loss: 0.0002, total_Loss: 0.0224, test_loss 2.118482, test_acc: -0.7402
Best result: 0.2722
test subjects id names: ['P_23_wangjinhong']
 epoch based tranining
Model selection: DANN
source_loader len: 333, target_train_loader len:255, n_batch: 255
Validation loss decreased (inf --> 0.397548).  Saving model ...
Epoch: [ 1/100], reg_loss: 0.0785, transfer_loss: 0.0109, total_Loss: 0.0894, test_loss 0.397548, test_acc: 0.3203
EarlyStopping counter: 1 out of 20
Epoch: [ 2/100], reg_loss: 0.0616, transfer_loss: 0.0012, total_Loss: 0.0628, test_loss 0.426025, test_acc: 0.2696
EarlyStopping counter: 2 out of 20
Epoch: [ 3/100], reg_loss: 0.0738, transfer_loss: 0.0004, total_Loss: 0.0742, test_loss 0.401161, test_acc: 0.3120
EarlyStopping counter: 3 out of 20
Epoch: [ 4/100], reg_loss: 0.0513, transfer_loss: 0.0006, total_Loss: 0.0519, test_loss 0.424938, test_acc: 0.2702
EarlyStopping counter: 4 out of 20
Epoch: [ 5/100], reg_loss: 0.0427, transfer_loss: 0.0001, total_Loss: 0.0429, test_loss 0.408883, test_acc: 0.2962
EarlyStopping counter: 5 out of 20
Epoch: [ 6/100], reg_loss: 0.0398, transfer_loss: 0.0001, total_Loss: 0.0399, test_loss 0.412097, test_acc: 0.2899
Validation loss decreased (0.397548 --> 0.374913).  Saving model ...
Epoch: [ 7/100], reg_loss: 0.0410, transfer_loss: 0.0003, total_Loss: 0.0413, test_loss 0.374913, test_acc: 0.3531
EarlyStopping counter: 1 out of 20
Epoch: [ 8/100], reg_loss: 0.0384, transfer_loss: 0.0002, total_Loss: 0.0386, test_loss 0.378520, test_acc: 0.3465
EarlyStopping counter: 2 out of 20
Epoch: [ 9/100], reg_loss: 0.0397, transfer_loss: 0.0008, total_Loss: 0.0405, test_loss 0.399742, test_acc: 0.3093
Validation loss decreased (0.374913 --> 0.374381).  Saving model ...
Epoch: [10/100], reg_loss: 0.0326, transfer_loss: 0.0001, total_Loss: 0.0327, test_loss 0.374381, test_acc: 0.3519
EarlyStopping counter: 1 out of 20
Epoch: [11/100], reg_loss: 0.0333, transfer_loss: 0.0001, total_Loss: 0.0334, test_loss 0.395307, test_acc: 0.3171
EarlyStopping counter: 2 out of 20
Epoch: [12/100], reg_loss: 0.0392, transfer_loss: 0.0001, total_Loss: 0.0392, test_loss 0.390209, test_acc: 0.3245
EarlyStopping counter: 3 out of 20
Epoch: [13/100], reg_loss: 0.0277, transfer_loss: 0.0000, total_Loss: 0.0277, test_loss 0.377563, test_acc: 0.3461
EarlyStopping counter: 4 out of 20
Epoch: [14/100], reg_loss: 0.0300, transfer_loss: 0.0001, total_Loss: 0.0301, test_loss 0.381279, test_acc: 0.3405
EarlyStopping counter: 5 out of 20
Epoch: [15/100], reg_loss: 0.0271, transfer_loss: 0.0000, total_Loss: 0.0271, test_loss 0.408186, test_acc: 0.2959
EarlyStopping counter: 6 out of 20
Epoch: [16/100], reg_loss: 0.0268, transfer_loss: 0.0001, total_Loss: 0.0269, test_loss 0.399108, test_acc: 0.3108
EarlyStopping counter: 7 out of 20
Epoch: [17/100], reg_loss: 0.0232, transfer_loss: 0.0000, total_Loss: 0.0232, test_loss 0.376339, test_acc: 0.3516
EarlyStopping counter: 8 out of 20
Epoch: [18/100], reg_loss: 0.0277, transfer_loss: 0.0000, total_Loss: 0.0277, test_loss 0.381958, test_acc: 0.3403
EarlyStopping counter: 9 out of 20
Epoch: [19/100], reg_loss: 0.0269, transfer_loss: 0.0000, total_Loss: 0.0269, test_loss 0.392107, test_acc: 0.3218
EarlyStopping counter: 10 out of 20
Epoch: [20/100], reg_loss: 0.0245, transfer_loss: 0.0000, total_Loss: 0.0245, test_loss 0.399328, test_acc: 0.3112
EarlyStopping counter: 11 out of 20
Epoch: [21/100], reg_loss: 0.0235, transfer_loss: 0.0000, total_Loss: 0.0235, test_loss 0.407005, test_acc: 0.3009
EarlyStopping counter: 12 out of 20
Epoch: [22/100], reg_loss: 0.0261, transfer_loss: 0.0000, total_Loss: 0.0261, test_loss 0.379006, test_acc: 0.3463
Validation loss decreased (0.374381 --> 0.367509).  Saving model ...
Epoch: [23/100], reg_loss: 0.0277, transfer_loss: 0.0000, total_Loss: 0.0277, test_loss 0.367509, test_acc: 0.3664
EarlyStopping counter: 1 out of 20
Epoch: [24/100], reg_loss: 0.0250, transfer_loss: 0.0000, total_Loss: 0.0250, test_loss 0.377950, test_acc: 0.3494
EarlyStopping counter: 2 out of 20
Epoch: [25/100], reg_loss: 0.0283, transfer_loss: 0.0000, total_Loss: 0.0283, test_loss 0.386173, test_acc: 0.3361
EarlyStopping counter: 3 out of 20
Epoch: [26/100], reg_loss: 0.0226, transfer_loss: 0.0000, total_Loss: 0.0226, test_loss 0.387807, test_acc: 0.3338
EarlyStopping counter: 4 out of 20
Epoch: [27/100], reg_loss: 0.0247, transfer_loss: 0.0000, total_Loss: 0.0247, test_loss 0.381905, test_acc: 0.3441
EarlyStopping counter: 5 out of 20
Epoch: [28/100], reg_loss: 0.0325, transfer_loss: 0.0000, total_Loss: 0.0326, test_loss 0.386053, test_acc: 0.3361
EarlyStopping counter: 6 out of 20
Epoch: [29/100], reg_loss: 0.0233, transfer_loss: 0.0000, total_Loss: 0.0233, test_loss 0.405714, test_acc: 0.3013
EarlyStopping counter: 7 out of 20
Epoch: [30/100], reg_loss: 0.0275, transfer_loss: 0.0000, total_Loss: 0.0275, test_loss 0.379211, test_acc: 0.3462
EarlyStopping counter: 8 out of 20
Epoch: [31/100], reg_loss: 0.0241, transfer_loss: 0.0000, total_Loss: 0.0241, test_loss 0.383271, test_acc: 0.3407
EarlyStopping counter: 9 out of 20
Epoch: [32/100], reg_loss: 0.0317, transfer_loss: 0.0000, total_Loss: 0.0317, test_loss 0.387629, test_acc: 0.3323
EarlyStopping counter: 10 out of 20
Epoch: [33/100], reg_loss: 0.0225, transfer_loss: 0.0000, total_Loss: 0.0225, test_loss 0.402384, test_acc: 0.3086
EarlyStopping counter: 11 out of 20
Epoch: [34/100], reg_loss: 0.0264, transfer_loss: 0.0000, total_Loss: 0.0264, test_loss 0.393837, test_acc: 0.3233
EarlyStopping counter: 12 out of 20
Epoch: [35/100], reg_loss: 0.0210, transfer_loss: 0.0000, total_Loss: 0.0210, test_loss 0.399423, test_acc: 0.3125
EarlyStopping counter: 13 out of 20
Epoch: [36/100], reg_loss: 0.0208, transfer_loss: 0.0000, total_Loss: 0.0208, test_loss 0.368237, test_acc: 0.3668
EarlyStopping counter: 14 out of 20
Epoch: [37/100], reg_loss: 0.0259, transfer_loss: 0.0000, total_Loss: 0.0259, test_loss 0.374503, test_acc: 0.3554
EarlyStopping counter: 15 out of 20
Epoch: [38/100], reg_loss: 0.0222, transfer_loss: 0.0000, total_Loss: 0.0222, test_loss 0.399509, test_acc: 0.3134
EarlyStopping counter: 16 out of 20
Epoch: [39/100], reg_loss: 0.0215, transfer_loss: 0.0000, total_Loss: 0.0215, test_loss 0.389495, test_acc: 0.3297
EarlyStopping counter: 17 out of 20
Epoch: [40/100], reg_loss: 0.0216, transfer_loss: 0.0000, total_Loss: 0.0216, test_loss 0.390501, test_acc: 0.3286
EarlyStopping counter: 18 out of 20
Epoch: [41/100], reg_loss: 0.0198, transfer_loss: 0.0000, total_Loss: 0.0198, test_loss 0.392801, test_acc: 0.3242
EarlyStopping counter: 19 out of 20
Epoch: [42/100], reg_loss: 0.0217, transfer_loss: 0.0000, total_Loss: 0.0217, test_loss 0.388833, test_acc: 0.3313
EarlyStopping counter: 20 out of 20
Epoch: [43/100], reg_loss: 0.0201, transfer_loss: 0.0000, total_Loss: 0.0201, test_loss 0.370485, test_acc: 0.3615
Best result: 0.3664
test subjects id names: ['P_24_liziqing']
 epoch based tranining
Model selection: DANN
source_loader len: 333, target_train_loader len:255, n_batch: 255
Validation loss decreased (inf --> 0.314919).  Saving model ...
Epoch: [ 1/100], reg_loss: 0.0721, transfer_loss: 0.0141, total_Loss: 0.0862, test_loss 0.314919, test_acc: 0.7859
Validation loss decreased (0.314919 --> 0.281442).  Saving model ...
Epoch: [ 2/100], reg_loss: 0.0563, transfer_loss: 0.0027, total_Loss: 0.0590, test_loss 0.281442, test_acc: 0.8072
Validation loss decreased (0.281442 --> 0.242392).  Saving model ...
Epoch: [ 3/100], reg_loss: 0.0509, transfer_loss: 0.0009, total_Loss: 0.0518, test_loss 0.242392, test_acc: 0.8337
Validation loss decreased (0.242392 --> 0.236047).  Saving model ...
Epoch: [ 4/100], reg_loss: 0.0482, transfer_loss: 0.0018, total_Loss: 0.0501, test_loss 0.236047, test_acc: 0.8368
EarlyStopping counter: 1 out of 20
Epoch: [ 5/100], reg_loss: 0.0389, transfer_loss: 0.0004, total_Loss: 0.0393, test_loss 0.240670, test_acc: 0.8335
EarlyStopping counter: 2 out of 20
Epoch: [ 6/100], reg_loss: 0.0399, transfer_loss: 0.0004, total_Loss: 0.0403, test_loss 0.252036, test_acc: 0.8260
EarlyStopping counter: 3 out of 20
Epoch: [ 7/100], reg_loss: 0.0363, transfer_loss: 0.0003, total_Loss: 0.0366, test_loss 0.237201, test_acc: 0.8364
EarlyStopping counter: 4 out of 20
Epoch: [ 8/100], reg_loss: 0.0341, transfer_loss: 0.0005, total_Loss: 0.0346, test_loss 0.243783, test_acc: 0.8317
Validation loss decreased (0.236047 --> 0.235614).  Saving model ...
Epoch: [ 9/100], reg_loss: 0.0324, transfer_loss: 0.0007, total_Loss: 0.0330, test_loss 0.235614, test_acc: 0.8372
EarlyStopping counter: 1 out of 20
Epoch: [10/100], reg_loss: 0.0308, transfer_loss: 0.0002, total_Loss: 0.0310, test_loss 0.255191, test_acc: 0.8240
EarlyStopping counter: 2 out of 20
Epoch: [11/100], reg_loss: 0.0310, transfer_loss: 0.0003, total_Loss: 0.0312, test_loss 0.247750, test_acc: 0.8290
EarlyStopping counter: 3 out of 20
Epoch: [12/100], reg_loss: 0.0392, transfer_loss: 0.0002, total_Loss: 0.0394, test_loss 0.242481, test_acc: 0.8326
EarlyStopping counter: 4 out of 20
Epoch: [13/100], reg_loss: 0.0255, transfer_loss: 0.0001, total_Loss: 0.0256, test_loss 0.243148, test_acc: 0.8321
EarlyStopping counter: 5 out of 20
Epoch: [14/100], reg_loss: 0.0259, transfer_loss: 0.0001, total_Loss: 0.0259, test_loss 0.248362, test_acc: 0.8288
EarlyStopping counter: 6 out of 20
Epoch: [15/100], reg_loss: 0.0243, transfer_loss: 0.0001, total_Loss: 0.0244, test_loss 0.247231, test_acc: 0.8293
EarlyStopping counter: 7 out of 20
Epoch: [16/100], reg_loss: 0.0231, transfer_loss: 0.0000, total_Loss: 0.0231, test_loss 0.250792, test_acc: 0.8265
EarlyStopping counter: 8 out of 20
Epoch: [17/100], reg_loss: 0.0205, transfer_loss: 0.0000, total_Loss: 0.0206, test_loss 0.254399, test_acc: 0.8243
EarlyStopping counter: 9 out of 20
Epoch: [18/100], reg_loss: 0.0258, transfer_loss: 0.0001, total_Loss: 0.0260, test_loss 0.244565, test_acc: 0.8311
EarlyStopping counter: 10 out of 20
Epoch: [19/100], reg_loss: 0.0258, transfer_loss: 0.0001, total_Loss: 0.0258, test_loss 0.257492, test_acc: 0.8226
EarlyStopping counter: 11 out of 20
Epoch: [20/100], reg_loss: 0.0233, transfer_loss: 0.0001, total_Loss: 0.0234, test_loss 0.248070, test_acc: 0.8290
EarlyStopping counter: 12 out of 20
Epoch: [21/100], reg_loss: 0.0209, transfer_loss: 0.0000, total_Loss: 0.0209, test_loss 0.239349, test_acc: 0.8353
EarlyStopping counter: 13 out of 20
Epoch: [22/100], reg_loss: 0.0259, transfer_loss: 0.0001, total_Loss: 0.0259, test_loss 0.243018, test_acc: 0.8324
EarlyStopping counter: 14 out of 20
Epoch: [23/100], reg_loss: 0.0260, transfer_loss: 0.0000, total_Loss: 0.0260, test_loss 0.238354, test_acc: 0.8362
EarlyStopping counter: 15 out of 20
Epoch: [24/100], reg_loss: 0.0255, transfer_loss: 0.0000, total_Loss: 0.0255, test_loss 0.241914, test_acc: 0.8336
EarlyStopping counter: 16 out of 20
Epoch: [25/100], reg_loss: 0.0252, transfer_loss: 0.0000, total_Loss: 0.0252, test_loss 0.242253, test_acc: 0.8331
EarlyStopping counter: 17 out of 20
Epoch: [26/100], reg_loss: 0.0194, transfer_loss: 0.0001, total_Loss: 0.0195, test_loss 0.243315, test_acc: 0.8332
EarlyStopping counter: 18 out of 20
Epoch: [27/100], reg_loss: 0.0227, transfer_loss: 0.0000, total_Loss: 0.0227, test_loss 0.242528, test_acc: 0.8333
EarlyStopping counter: 19 out of 20
Epoch: [28/100], reg_loss: 0.0300, transfer_loss: 0.0000, total_Loss: 0.0300, test_loss 0.242757, test_acc: 0.8334
EarlyStopping counter: 20 out of 20
Epoch: [29/100], reg_loss: 0.0222, transfer_loss: 0.0000, total_Loss: 0.0222, test_loss 0.244115, test_acc: 0.8327
Best result: 0.8372
