tensorflow version: 2.5.0
target domain subjects: ['P_14_hunan', 'P_20_xuanweicheng', 'P_23_wangjinhong', 'P_24_liziqing']
test subjects id names: ['P_14_hunan']
Model selection: imu_augment
source_loader len: 333, target_train_loader len:273, n_batch: 273
Validation loss decreased (inf --> 0.205448).  Saving model ...
Epoch: [ 1/100], reg_loss: 0.1179, transfer_loss: 0.0000, total_Loss: 0.1179, test_loss 0.205448, test_acc: 0.5670
Validation loss decreased (0.205448 --> 0.198274).  Saving model ...
Epoch: [ 2/100], reg_loss: 0.0115, transfer_loss: 0.0000, total_Loss: 0.0115, test_loss 0.198274, test_acc: 0.5814
EarlyStopping counter: 1 out of 10
Epoch: [ 3/100], reg_loss: 0.0076, transfer_loss: 0.0000, total_Loss: 0.0076, test_loss 0.216473, test_acc: 0.5446
EarlyStopping counter: 2 out of 10
Epoch: [ 4/100], reg_loss: 0.0060, transfer_loss: 0.0000, total_Loss: 0.0060, test_loss 0.235162, test_acc: 0.5043
EarlyStopping counter: 3 out of 10
Epoch: [ 5/100], reg_loss: 0.0050, transfer_loss: 0.0000, total_Loss: 0.0050, test_loss 0.218902, test_acc: 0.5407
EarlyStopping counter: 4 out of 10
Epoch: [ 6/100], reg_loss: 0.0043, transfer_loss: 0.0000, total_Loss: 0.0043, test_loss 0.229791, test_acc: 0.5176
EarlyStopping counter: 5 out of 10
Epoch: [ 7/100], reg_loss: 0.0038, transfer_loss: 0.0000, total_Loss: 0.0038, test_loss 0.212691, test_acc: 0.5540
EarlyStopping counter: 6 out of 10
Epoch: [ 8/100], reg_loss: 0.0032, transfer_loss: 0.0000, total_Loss: 0.0032, test_loss 0.219806, test_acc: 0.5406
EarlyStopping counter: 7 out of 10
Epoch: [ 9/100], reg_loss: 0.0030, transfer_loss: 0.0000, total_Loss: 0.0030, test_loss 0.210116, test_acc: 0.5598
EarlyStopping counter: 8 out of 10
Epoch: [10/100], reg_loss: 0.0027, transfer_loss: 0.0000, total_Loss: 0.0027, test_loss 0.219472, test_acc: 0.5400
EarlyStopping counter: 9 out of 10
Epoch: [11/100], reg_loss: 0.0025, transfer_loss: 0.0000, total_Loss: 0.0025, test_loss 0.209962, test_acc: 0.5613
EarlyStopping counter: 10 out of 10
Epoch: [12/100], reg_loss: 0.0024, transfer_loss: 0.0000, total_Loss: 0.0024, test_loss 0.203219, test_acc: 0.5758
Best result: 0.5814
test subjects id names: ['P_20_xuanweicheng']
Model selection: imu_augment
source_loader len: 333, target_train_loader len:258, n_batch: 258
Validation loss decreased (inf --> 0.268160).  Saving model ...
Epoch: [ 1/100], reg_loss: 0.1041, transfer_loss: 0.0000, total_Loss: 0.1041, test_loss 0.268160, test_acc: 0.7829
Validation loss decreased (0.268160 --> 0.238274).  Saving model ...
Epoch: [ 2/100], reg_loss: 0.0102, transfer_loss: 0.0000, total_Loss: 0.0102, test_loss 0.238274, test_acc: 0.8066
Validation loss decreased (0.238274 --> 0.234498).  Saving model ...
Epoch: [ 3/100], reg_loss: 0.0065, transfer_loss: 0.0000, total_Loss: 0.0065, test_loss 0.234498, test_acc: 0.8086
Validation loss decreased (0.234498 --> 0.228619).  Saving model ...
Epoch: [ 4/100], reg_loss: 0.0050, transfer_loss: 0.0000, total_Loss: 0.0050, test_loss 0.228619, test_acc: 0.8138
Validation loss decreased (0.228619 --> 0.212164).  Saving model ...
Epoch: [ 5/100], reg_loss: 0.0040, transfer_loss: 0.0000, total_Loss: 0.0040, test_loss 0.212164, test_acc: 0.8275
EarlyStopping counter: 1 out of 10
Epoch: [ 6/100], reg_loss: 0.0037, transfer_loss: 0.0000, total_Loss: 0.0037, test_loss 0.214243, test_acc: 0.8254
Validation loss decreased (0.212164 --> 0.211485).  Saving model ...
Epoch: [ 7/100], reg_loss: 0.0032, transfer_loss: 0.0000, total_Loss: 0.0032, test_loss 0.211485, test_acc: 0.8271
EarlyStopping counter: 1 out of 10
Epoch: [ 8/100], reg_loss: 0.0030, transfer_loss: 0.0000, total_Loss: 0.0030, test_loss 0.228086, test_acc: 0.8135
EarlyStopping counter: 2 out of 10
Epoch: [ 9/100], reg_loss: 0.0028, transfer_loss: 0.0000, total_Loss: 0.0028, test_loss 0.214372, test_acc: 0.8245
EarlyStopping counter: 3 out of 10
Epoch: [10/100], reg_loss: 0.0027, transfer_loss: 0.0000, total_Loss: 0.0027, test_loss 0.221522, test_acc: 0.8187
EarlyStopping counter: 4 out of 10
Epoch: [11/100], reg_loss: 0.0024, transfer_loss: 0.0000, total_Loss: 0.0024, test_loss 0.213368, test_acc: 0.8247
EarlyStopping counter: 5 out of 10
Epoch: [12/100], reg_loss: 0.0025, transfer_loss: 0.0000, total_Loss: 0.0025, test_loss 0.228592, test_acc: 0.8136
EarlyStopping counter: 6 out of 10
Epoch: [13/100], reg_loss: 0.0023, transfer_loss: 0.0000, total_Loss: 0.0023, test_loss 0.231822, test_acc: 0.8107
EarlyStopping counter: 7 out of 10
Epoch: [14/100], reg_loss: 0.0020, transfer_loss: 0.0000, total_Loss: 0.0020, test_loss 0.236500, test_acc: 0.8071
EarlyStopping counter: 8 out of 10
Epoch: [15/100], reg_loss: 0.0020, transfer_loss: 0.0000, total_Loss: 0.0020, test_loss 0.240518, test_acc: 0.8041
EarlyStopping counter: 9 out of 10
Epoch: [16/100], reg_loss: 0.0019, transfer_loss: 0.0000, total_Loss: 0.0019, test_loss 0.240877, test_acc: 0.8042
EarlyStopping counter: 10 out of 10
Epoch: [17/100], reg_loss: 0.0017, transfer_loss: 0.0000, total_Loss: 0.0017, test_loss 0.240032, test_acc: 0.8047
Best result: 0.8271
test subjects id names: ['P_23_wangjinhong']
Model selection: imu_augment
source_loader len: 333, target_train_loader len:258, n_batch: 258
Validation loss decreased (inf --> 0.248485).  Saving model ...
Epoch: [ 1/100], reg_loss: 0.1144, transfer_loss: 0.0000, total_Loss: 0.1144, test_loss 0.248485, test_acc: 0.5632
Validation loss decreased (0.248485 --> 0.237820).  Saving model ...
Epoch: [ 2/100], reg_loss: 0.0106, transfer_loss: 0.0000, total_Loss: 0.0106, test_loss 0.237820, test_acc: 0.5775
EarlyStopping counter: 1 out of 10
Epoch: [ 3/100], reg_loss: 0.0072, transfer_loss: 0.0000, total_Loss: 0.0072, test_loss 0.240001, test_acc: 0.5718
Validation loss decreased (0.237820 --> 0.236185).  Saving model ...
Epoch: [ 4/100], reg_loss: 0.0054, transfer_loss: 0.0000, total_Loss: 0.0054, test_loss 0.236185, test_acc: 0.5763
EarlyStopping counter: 1 out of 10
Epoch: [ 5/100], reg_loss: 0.0045, transfer_loss: 0.0000, total_Loss: 0.0045, test_loss 0.253784, test_acc: 0.5478
EarlyStopping counter: 2 out of 10
Epoch: [ 6/100], reg_loss: 0.0039, transfer_loss: 0.0000, total_Loss: 0.0039, test_loss 0.254342, test_acc: 0.5449
EarlyStopping counter: 3 out of 10
Epoch: [ 7/100], reg_loss: 0.0034, transfer_loss: 0.0000, total_Loss: 0.0034, test_loss 0.247134, test_acc: 0.5590
EarlyStopping counter: 4 out of 10
Epoch: [ 8/100], reg_loss: 0.0033, transfer_loss: 0.0000, total_Loss: 0.0033, test_loss 0.246029, test_acc: 0.5612
EarlyStopping counter: 5 out of 10
Epoch: [ 9/100], reg_loss: 0.0028, transfer_loss: 0.0000, total_Loss: 0.0028, test_loss 0.252373, test_acc: 0.5517
EarlyStopping counter: 6 out of 10
Epoch: [10/100], reg_loss: 0.0028, transfer_loss: 0.0000, total_Loss: 0.0028, test_loss 0.246905, test_acc: 0.5610
EarlyStopping counter: 7 out of 10
Epoch: [11/100], reg_loss: 0.0027, transfer_loss: 0.0000, total_Loss: 0.0027, test_loss 0.237880, test_acc: 0.5736
EarlyStopping counter: 8 out of 10
Epoch: [12/100], reg_loss: 0.0024, transfer_loss: 0.0000, total_Loss: 0.0024, test_loss 0.239800, test_acc: 0.5734
Validation loss decreased (0.236185 --> 0.230856).  Saving model ...
Epoch: [13/100], reg_loss: 0.0024, transfer_loss: 0.0000, total_Loss: 0.0024, test_loss 0.230856, test_acc: 0.5872
EarlyStopping counter: 1 out of 10
Epoch: [14/100], reg_loss: 0.0021, transfer_loss: 0.0000, total_Loss: 0.0021, test_loss 0.231010, test_acc: 0.5871
Validation loss decreased (0.230856 --> 0.229580).  Saving model ...
Epoch: [15/100], reg_loss: 0.0020, transfer_loss: 0.0000, total_Loss: 0.0020, test_loss 0.229580, test_acc: 0.5882
Validation loss decreased (0.229580 --> 0.226900).  Saving model ...
Epoch: [16/100], reg_loss: 0.0020, transfer_loss: 0.0000, total_Loss: 0.0020, test_loss 0.226900, test_acc: 0.5955
Validation loss decreased (0.226900 --> 0.226358).  Saving model ...
Epoch: [17/100], reg_loss: 0.0019, transfer_loss: 0.0000, total_Loss: 0.0019, test_loss 0.226358, test_acc: 0.5977
Validation loss decreased (0.226358 --> 0.221578).  Saving model ...
Epoch: [18/100], reg_loss: 0.0018, transfer_loss: 0.0000, total_Loss: 0.0018, test_loss 0.221578, test_acc: 0.6034
EarlyStopping counter: 1 out of 10
Epoch: [19/100], reg_loss: 0.0018, transfer_loss: 0.0000, total_Loss: 0.0018, test_loss 0.221893, test_acc: 0.6024
Validation loss decreased (0.221578 --> 0.217290).  Saving model ...
Epoch: [20/100], reg_loss: 0.0018, transfer_loss: 0.0000, total_Loss: 0.0018, test_loss 0.217290, test_acc: 0.6104
Validation loss decreased (0.217290 --> 0.217149).  Saving model ...
Epoch: [21/100], reg_loss: 0.0017, transfer_loss: 0.0000, total_Loss: 0.0017, test_loss 0.217149, test_acc: 0.6098
EarlyStopping counter: 1 out of 10
Epoch: [22/100], reg_loss: 0.0017, transfer_loss: 0.0000, total_Loss: 0.0017, test_loss 0.219196, test_acc: 0.6053
Validation loss decreased (0.217149 --> 0.214304).  Saving model ...
Epoch: [23/100], reg_loss: 0.0017, transfer_loss: 0.0000, total_Loss: 0.0017, test_loss 0.214304, test_acc: 0.6154
EarlyStopping counter: 1 out of 10
Epoch: [24/100], reg_loss: 0.0016, transfer_loss: 0.0000, total_Loss: 0.0016, test_loss 0.214998, test_acc: 0.6138
Validation loss decreased (0.214304 --> 0.209697).  Saving model ...
Epoch: [25/100], reg_loss: 0.0017, transfer_loss: 0.0000, total_Loss: 0.0017, test_loss 0.209697, test_acc: 0.6222
Validation loss decreased (0.209697 --> 0.207527).  Saving model ...
Epoch: [26/100], reg_loss: 0.0018, transfer_loss: 0.0000, total_Loss: 0.0018, test_loss 0.207527, test_acc: 0.6279
EarlyStopping counter: 1 out of 10
Epoch: [27/100], reg_loss: 0.0015, transfer_loss: 0.0000, total_Loss: 0.0015, test_loss 0.208005, test_acc: 0.6261
Validation loss decreased (0.207527 --> 0.207000).  Saving model ...
Epoch: [28/100], reg_loss: 0.0015, transfer_loss: 0.0000, total_Loss: 0.0015, test_loss 0.207000, test_acc: 0.6294
EarlyStopping counter: 1 out of 10
Epoch: [29/100], reg_loss: 0.0014, transfer_loss: 0.0000, total_Loss: 0.0014, test_loss 0.212180, test_acc: 0.6194
Validation loss decreased (0.207000 --> 0.203212).  Saving model ...
Epoch: [30/100], reg_loss: 0.0014, transfer_loss: 0.0000, total_Loss: 0.0014, test_loss 0.203212, test_acc: 0.6359
EarlyStopping counter: 1 out of 10
Epoch: [31/100], reg_loss: 0.0016, transfer_loss: 0.0000, total_Loss: 0.0016, test_loss 0.208252, test_acc: 0.6260
EarlyStopping counter: 2 out of 10
Epoch: [32/100], reg_loss: 0.0014, transfer_loss: 0.0000, total_Loss: 0.0014, test_loss 0.209420, test_acc: 0.6265
Validation loss decreased (0.203212 --> 0.198140).  Saving model ...
Epoch: [33/100], reg_loss: 0.0015, transfer_loss: 0.0000, total_Loss: 0.0015, test_loss 0.198140, test_acc: 0.6434
Validation loss decreased (0.198140 --> 0.195521).  Saving model ...
Epoch: [34/100], reg_loss: 0.0014, transfer_loss: 0.0000, total_Loss: 0.0014, test_loss 0.195521, test_acc: 0.6484
EarlyStopping counter: 1 out of 10
Epoch: [35/100], reg_loss: 0.0014, transfer_loss: 0.0000, total_Loss: 0.0014, test_loss 0.197111, test_acc: 0.6457
EarlyStopping counter: 2 out of 10
Epoch: [36/100], reg_loss: 0.0014, transfer_loss: 0.0000, total_Loss: 0.0014, test_loss 0.198645, test_acc: 0.6426
EarlyStopping counter: 3 out of 10
Epoch: [37/100], reg_loss: 0.0013, transfer_loss: 0.0000, total_Loss: 0.0013, test_loss 0.199812, test_acc: 0.6414
EarlyStopping counter: 4 out of 10
Epoch: [38/100], reg_loss: 0.0014, transfer_loss: 0.0000, total_Loss: 0.0014, test_loss 0.202867, test_acc: 0.6358
EarlyStopping counter: 5 out of 10
Epoch: [39/100], reg_loss: 0.0013, transfer_loss: 0.0000, total_Loss: 0.0013, test_loss 0.196071, test_acc: 0.6483
Validation loss decreased (0.195521 --> 0.195040).  Saving model ...
Epoch: [40/100], reg_loss: 0.0013, transfer_loss: 0.0000, total_Loss: 0.0013, test_loss 0.195040, test_acc: 0.6516
EarlyStopping counter: 1 out of 10
Epoch: [41/100], reg_loss: 0.0012, transfer_loss: 0.0000, total_Loss: 0.0012, test_loss 0.196112, test_acc: 0.6489
Validation loss decreased (0.195040 --> 0.188116).  Saving model ...
Epoch: [42/100], reg_loss: 0.0011, transfer_loss: 0.0000, total_Loss: 0.0011, test_loss 0.188116, test_acc: 0.6612
EarlyStopping counter: 1 out of 10
Epoch: [43/100], reg_loss: 0.0011, transfer_loss: 0.0000, total_Loss: 0.0011, test_loss 0.195163, test_acc: 0.6507
EarlyStopping counter: 2 out of 10
Epoch: [44/100], reg_loss: 0.0011, transfer_loss: 0.0000, total_Loss: 0.0011, test_loss 0.192888, test_acc: 0.6544
EarlyStopping counter: 3 out of 10
Epoch: [45/100], reg_loss: 0.0010, transfer_loss: 0.0000, total_Loss: 0.0010, test_loss 0.193056, test_acc: 0.6543
Validation loss decreased (0.188116 --> 0.186066).  Saving model ...
Epoch: [46/100], reg_loss: 0.0012, transfer_loss: 0.0000, total_Loss: 0.0012, test_loss 0.186066, test_acc: 0.6668
EarlyStopping counter: 1 out of 10
Epoch: [47/100], reg_loss: 0.0009, transfer_loss: 0.0000, total_Loss: 0.0009, test_loss 0.192226, test_acc: 0.6559
EarlyStopping counter: 2 out of 10
Epoch: [48/100], reg_loss: 0.0011, transfer_loss: 0.0000, total_Loss: 0.0011, test_loss 0.186649, test_acc: 0.6664
EarlyStopping counter: 3 out of 10
Epoch: [49/100], reg_loss: 0.0009, transfer_loss: 0.0000, total_Loss: 0.0009, test_loss 0.187623, test_acc: 0.6652
EarlyStopping counter: 4 out of 10
Epoch: [50/100], reg_loss: 0.0008, transfer_loss: 0.0000, total_Loss: 0.0008, test_loss 0.190489, test_acc: 0.6585
EarlyStopping counter: 5 out of 10
Epoch: [51/100], reg_loss: 0.0010, transfer_loss: 0.0000, total_Loss: 0.0010, test_loss 0.186763, test_acc: 0.6681
EarlyStopping counter: 6 out of 10
Epoch: [52/100], reg_loss: 0.0010, transfer_loss: 0.0000, total_Loss: 0.0010, test_loss 0.191373, test_acc: 0.6600
EarlyStopping counter: 7 out of 10
Epoch: [53/100], reg_loss: 0.0009, transfer_loss: 0.0000, total_Loss: 0.0009, test_loss 0.187691, test_acc: 0.6651
Validation loss decreased (0.186066 --> 0.184396).  Saving model ...
Epoch: [54/100], reg_loss: 0.0009, transfer_loss: 0.0000, total_Loss: 0.0009, test_loss 0.184396, test_acc: 0.6706
EarlyStopping counter: 1 out of 10
Epoch: [55/100], reg_loss: 0.0009, transfer_loss: 0.0000, total_Loss: 0.0009, test_loss 0.195405, test_acc: 0.6523
EarlyStopping counter: 2 out of 10
Epoch: [56/100], reg_loss: 0.0009, transfer_loss: 0.0000, total_Loss: 0.0009, test_loss 0.190308, test_acc: 0.6619
EarlyStopping counter: 3 out of 10
Epoch: [57/100], reg_loss: 0.0009, transfer_loss: 0.0000, total_Loss: 0.0009, test_loss 0.187982, test_acc: 0.6667
Validation loss decreased (0.184396 --> 0.184334).  Saving model ...
Epoch: [58/100], reg_loss: 0.0008, transfer_loss: 0.0000, total_Loss: 0.0008, test_loss 0.184334, test_acc: 0.6725
Validation loss decreased (0.184334 --> 0.183393).  Saving model ...
Epoch: [59/100], reg_loss: 0.0014, transfer_loss: 0.0000, total_Loss: 0.0014, test_loss 0.183393, test_acc: 0.6730
EarlyStopping counter: 1 out of 10
Epoch: [60/100], reg_loss: 0.0008, transfer_loss: 0.0000, total_Loss: 0.0008, test_loss 0.188525, test_acc: 0.6659
EarlyStopping counter: 2 out of 10
Epoch: [61/100], reg_loss: 0.0008, transfer_loss: 0.0000, total_Loss: 0.0008, test_loss 0.188615, test_acc: 0.6663
EarlyStopping counter: 3 out of 10
Epoch: [62/100], reg_loss: 0.0008, transfer_loss: 0.0000, total_Loss: 0.0008, test_loss 0.185459, test_acc: 0.6707
Validation loss decreased (0.183393 --> 0.182793).  Saving model ...
Epoch: [63/100], reg_loss: 0.0009, transfer_loss: 0.0000, total_Loss: 0.0009, test_loss 0.182793, test_acc: 0.6754
EarlyStopping counter: 1 out of 10
Epoch: [64/100], reg_loss: 0.0008, transfer_loss: 0.0000, total_Loss: 0.0008, test_loss 0.199174, test_acc: 0.6493
EarlyStopping counter: 2 out of 10
Epoch: [65/100], reg_loss: 0.0013, transfer_loss: 0.0000, total_Loss: 0.0013, test_loss 0.188925, test_acc: 0.6647
EarlyStopping counter: 3 out of 10
Epoch: [66/100], reg_loss: 0.0008, transfer_loss: 0.0000, total_Loss: 0.0008, test_loss 0.188193, test_acc: 0.6654
EarlyStopping counter: 4 out of 10
Epoch: [67/100], reg_loss: 0.0009, transfer_loss: 0.0000, total_Loss: 0.0009, test_loss 0.190296, test_acc: 0.6627
EarlyStopping counter: 5 out of 10
Epoch: [68/100], reg_loss: 0.0010, transfer_loss: 0.0000, total_Loss: 0.0010, test_loss 0.185761, test_acc: 0.6715
EarlyStopping counter: 6 out of 10
Epoch: [69/100], reg_loss: 0.0008, transfer_loss: 0.0000, total_Loss: 0.0008, test_loss 0.187332, test_acc: 0.6675
EarlyStopping counter: 7 out of 10
Epoch: [70/100], reg_loss: 0.0008, transfer_loss: 0.0000, total_Loss: 0.0008, test_loss 0.184787, test_acc: 0.6723
EarlyStopping counter: 8 out of 10
Epoch: [71/100], reg_loss: 0.0010, transfer_loss: 0.0000, total_Loss: 0.0010, test_loss 0.192729, test_acc: 0.6588
EarlyStopping counter: 9 out of 10
Epoch: [72/100], reg_loss: 0.0008, transfer_loss: 0.0000, total_Loss: 0.0008, test_loss 0.185470, test_acc: 0.6709
EarlyStopping counter: 10 out of 10
Epoch: [73/100], reg_loss: 0.0010, transfer_loss: 0.0000, total_Loss: 0.0010, test_loss 0.192512, test_acc: 0.6610
Best result: 0.6754
test subjects id names: ['P_24_liziqing']
Model selection: imu_augment
source_loader len: 333, target_train_loader len:258, n_batch: 258
Validation loss decreased (inf --> 0.606459).  Saving model ...
Epoch: [ 1/100], reg_loss: 0.0877, transfer_loss: 0.0000, total_Loss: 0.0877, test_loss 0.606459, test_acc: 0.5830
Validation loss decreased (0.606459 --> 0.542084).  Saving model ...
Epoch: [ 2/100], reg_loss: 0.0079, transfer_loss: 0.0000, total_Loss: 0.0079, test_loss 0.542084, test_acc: 0.6273
Validation loss decreased (0.542084 --> 0.511186).  Saving model ...
Epoch: [ 3/100], reg_loss: 0.0049, transfer_loss: 0.0000, total_Loss: 0.0049, test_loss 0.511186, test_acc: 0.6489
EarlyStopping counter: 1 out of 10
Epoch: [ 4/100], reg_loss: 0.0037, transfer_loss: 0.0000, total_Loss: 0.0037, test_loss 0.534960, test_acc: 0.6320
EarlyStopping counter: 2 out of 10
Epoch: [ 5/100], reg_loss: 0.0032, transfer_loss: 0.0000, total_Loss: 0.0032, test_loss 0.514701, test_acc: 0.6465
EarlyStopping counter: 3 out of 10
Epoch: [ 6/100], reg_loss: 0.0027, transfer_loss: 0.0000, total_Loss: 0.0027, test_loss 0.513752, test_acc: 0.6472
Validation loss decreased (0.511186 --> 0.508860).  Saving model ...
Epoch: [ 7/100], reg_loss: 0.0023, transfer_loss: 0.0000, total_Loss: 0.0023, test_loss 0.508860, test_acc: 0.6502
EarlyStopping counter: 1 out of 10
Epoch: [ 8/100], reg_loss: 0.0023, transfer_loss: 0.0000, total_Loss: 0.0023, test_loss 0.536112, test_acc: 0.6312
EarlyStopping counter: 2 out of 10
Epoch: [ 9/100], reg_loss: 0.0020, transfer_loss: 0.0000, total_Loss: 0.0020, test_loss 0.519016, test_acc: 0.6436
EarlyStopping counter: 3 out of 10
Epoch: [10/100], reg_loss: 0.0018, transfer_loss: 0.0000, total_Loss: 0.0018, test_loss 0.516306, test_acc: 0.6457
EarlyStopping counter: 4 out of 10
Epoch: [11/100], reg_loss: 0.0020, transfer_loss: 0.0000, total_Loss: 0.0020, test_loss 0.511886, test_acc: 0.6485
EarlyStopping counter: 5 out of 10
Epoch: [12/100], reg_loss: 0.0017, transfer_loss: 0.0000, total_Loss: 0.0017, test_loss 0.526586, test_acc: 0.6387
EarlyStopping counter: 6 out of 10
Epoch: [13/100], reg_loss: 0.0016, transfer_loss: 0.0000, total_Loss: 0.0016, test_loss 0.513135, test_acc: 0.6481
EarlyStopping counter: 7 out of 10
Epoch: [14/100], reg_loss: 0.0016, transfer_loss: 0.0000, total_Loss: 0.0016, test_loss 0.535556, test_acc: 0.6328
EarlyStopping counter: 8 out of 10
Epoch: [15/100], reg_loss: 0.0015, transfer_loss: 0.0000, total_Loss: 0.0015, test_loss 0.528555, test_acc: 0.6375
EarlyStopping counter: 9 out of 10
Epoch: [16/100], reg_loss: 0.0017, transfer_loss: 0.0000, total_Loss: 0.0017, test_loss 0.529596, test_acc: 0.6372
EarlyStopping counter: 10 out of 10
Epoch: [17/100], reg_loss: 0.0013, transfer_loss: 0.0000, total_Loss: 0.0013, test_loss 0.514726, test_acc: 0.6472
Best result: 0.6502
