tensorflow version: 2.5.0
target domain subjects: ['P_14_hunan', 'P_20_xuanweicheng', 'P_23_wangjinhong', 'P_24_liziqing']
test subjects id names: ['P_14_hunan']
Model selection: Normal_DANN
source_loader len: 333, target_train_loader len:273, n_batch: 273
Validation loss decreased (inf --> 1.112864).  Saving model ...
Epoch: [ 1/100], reg_loss: 0.1315, transfer_loss: 0.6449, total_Loss: 0.9054, test_loss 1.112864, test_acc: -1.3290
Validation loss decreased (1.112864 --> 0.452210).  Saving model ...
Epoch: [ 2/100], reg_loss: 0.0521, transfer_loss: 0.7031, total_Loss: 0.8959, test_loss 0.452210, test_acc: 0.0656
EarlyStopping counter: 1 out of 10
Epoch: [ 3/100], reg_loss: 0.0484, transfer_loss: 0.6966, total_Loss: 0.8843, test_loss 0.476037, test_acc: 0.0571
EarlyStopping counter: 2 out of 10
Epoch: [ 4/100], reg_loss: 0.0403, transfer_loss: 0.6952, total_Loss: 0.8745, test_loss 0.694938, test_acc: -0.3920
EarlyStopping counter: 3 out of 10
Epoch: [ 5/100], reg_loss: 0.0337, transfer_loss: 0.6969, total_Loss: 0.8701, test_loss 0.848869, test_acc: -0.7703
EarlyStopping counter: 4 out of 10
Epoch: [ 6/100], reg_loss: 0.0322, transfer_loss: 0.6964, total_Loss: 0.8679, test_loss 0.797600, test_acc: -0.6578
Validation loss decreased (0.452210 --> 0.438029).  Saving model ...
Epoch: [ 7/100], reg_loss: 0.0266, transfer_loss: 0.6926, total_Loss: 0.8578, test_loss 0.438029, test_acc: 0.0750
Validation loss decreased (0.438029 --> 0.372940).  Saving model ...
Epoch: [ 8/100], reg_loss: 0.0255, transfer_loss: 0.6942, total_Loss: 0.8586, test_loss 0.372940, test_acc: 0.2351
EarlyStopping counter: 1 out of 10
Epoch: [ 9/100], reg_loss: 0.0248, transfer_loss: 0.6920, total_Loss: 0.8552, test_loss 1.210462, test_acc: -1.5721
Validation loss decreased (0.372940 --> 0.347337).  Saving model ...
Epoch: [10/100], reg_loss: 0.0237, transfer_loss: 0.6902, total_Loss: 0.8520, test_loss 0.347337, test_acc: 0.2783
EarlyStopping counter: 1 out of 10
Epoch: [11/100], reg_loss: 0.0225, transfer_loss: 0.6963, total_Loss: 0.8581, test_loss 0.352191, test_acc: 0.2424
Validation loss decreased (0.347337 --> 0.289193).  Saving model ...
Epoch: [12/100], reg_loss: 0.0196, transfer_loss: 0.6939, total_Loss: 0.8522, test_loss 0.289193, test_acc: 0.3793
Validation loss decreased (0.289193 --> 0.218548).  Saving model ...
Epoch: [13/100], reg_loss: 0.0183, transfer_loss: 0.6932, total_Loss: 0.8501, test_loss 0.218548, test_acc: 0.5420
EarlyStopping counter: 1 out of 10
Epoch: [14/100], reg_loss: 0.0172, transfer_loss: 0.6934, total_Loss: 0.8493, test_loss 0.268530, test_acc: 0.4501
EarlyStopping counter: 2 out of 10
Epoch: [15/100], reg_loss: 0.0167, transfer_loss: 0.6936, total_Loss: 0.8491, test_loss 0.680787, test_acc: -0.4418
EarlyStopping counter: 3 out of 10
Epoch: [16/100], reg_loss: 0.0159, transfer_loss: 0.6936, total_Loss: 0.8482, test_loss 0.784218, test_acc: -0.6540
EarlyStopping counter: 4 out of 10
Epoch: [17/100], reg_loss: 0.0155, transfer_loss: 0.6930, total_Loss: 0.8471, test_loss 0.703744, test_acc: -0.4496
EarlyStopping counter: 5 out of 10
Epoch: [18/100], reg_loss: 0.0153, transfer_loss: 0.6935, total_Loss: 0.8474, test_loss 0.765802, test_acc: -0.6096
EarlyStopping counter: 6 out of 10
Epoch: [19/100], reg_loss: 0.0146, transfer_loss: 0.6930, total_Loss: 0.8462, test_loss 0.489577, test_acc: -0.0350
EarlyStopping counter: 7 out of 10
Epoch: [20/100], reg_loss: 0.0147, transfer_loss: 0.6935, total_Loss: 0.8469, test_loss 0.532861, test_acc: -0.1079
EarlyStopping counter: 8 out of 10
Epoch: [21/100], reg_loss: 0.0140, transfer_loss: 0.6931, total_Loss: 0.8458, test_loss 0.616672, test_acc: -0.2864
EarlyStopping counter: 9 out of 10
Epoch: [22/100], reg_loss: 0.0137, transfer_loss: 0.6932, total_Loss: 0.8455, test_loss 1.060688, test_acc: -1.2258
EarlyStopping counter: 10 out of 10
Epoch: [23/100], reg_loss: 0.0139, transfer_loss: 0.6928, total_Loss: 0.8453, test_loss 0.506420, test_acc: -0.0471
Best result: 0.5420
test subjects id names: ['P_20_xuanweicheng']
Model selection: Normal_DANN
source_loader len: 333, target_train_loader len:258, n_batch: 258
Validation loss decreased (inf --> 1.730071).  Saving model ...
Epoch: [ 1/100], reg_loss: 0.1368, transfer_loss: 0.6221, total_Loss: 0.8834, test_loss 1.730071, test_acc: -0.4466
Validation loss decreased (1.730071 --> 1.428118).  Saving model ...
Epoch: [ 2/100], reg_loss: 0.0557, transfer_loss: 0.6941, total_Loss: 0.8886, test_loss 1.428118, test_acc: -0.1811
EarlyStopping counter: 1 out of 10
Epoch: [ 3/100], reg_loss: 0.0523, transfer_loss: 0.7004, total_Loss: 0.8929, test_loss 2.246181, test_acc: -0.8552
EarlyStopping counter: 2 out of 10
Epoch: [ 4/100], reg_loss: 0.0459, transfer_loss: 0.7011, total_Loss: 0.8872, test_loss 2.589470, test_acc: -1.1514
EarlyStopping counter: 3 out of 10
Epoch: [ 5/100], reg_loss: 0.0351, transfer_loss: 0.6946, total_Loss: 0.8686, test_loss 2.347556, test_acc: -0.9413
EarlyStopping counter: 4 out of 10
Epoch: [ 6/100], reg_loss: 0.0309, transfer_loss: 0.6908, total_Loss: 0.8599, test_loss 2.663057, test_acc: -1.2177
EarlyStopping counter: 5 out of 10
Epoch: [ 7/100], reg_loss: 0.0295, transfer_loss: 0.6910, total_Loss: 0.8587, test_loss 2.207220, test_acc: -0.7974
EarlyStopping counter: 6 out of 10
Epoch: [ 8/100], reg_loss: 0.0249, transfer_loss: 0.6925, total_Loss: 0.8559, test_loss 1.956508, test_acc: -0.5930
EarlyStopping counter: 7 out of 10
Epoch: [ 9/100], reg_loss: 0.0233, transfer_loss: 0.6924, total_Loss: 0.8542, test_loss 2.090741, test_acc: -0.7003
EarlyStopping counter: 8 out of 10
Epoch: [10/100], reg_loss: 0.0241, transfer_loss: 0.6955, total_Loss: 0.8588, test_loss 2.182584, test_acc: -0.7877
EarlyStopping counter: 9 out of 10
Epoch: [11/100], reg_loss: 0.0208, transfer_loss: 0.6916, total_Loss: 0.8507, test_loss 2.032210, test_acc: -0.6540
EarlyStopping counter: 10 out of 10
Epoch: [12/100], reg_loss: 0.0190, transfer_loss: 0.6929, total_Loss: 0.8504, test_loss 2.075494, test_acc: -0.6885
Best result: -0.1811
test subjects id names: ['P_23_wangjinhong']
Model selection: Normal_DANN
source_loader len: 333, target_train_loader len:258, n_batch: 258
Validation loss decreased (inf --> 0.380591).  Saving model ...
Epoch: [ 1/100], reg_loss: 0.1418, transfer_loss: 0.5760, total_Loss: 0.8330, test_loss 0.380591, test_acc: 0.3240
Validation loss decreased (0.380591 --> 0.300637).  Saving model ...
Epoch: [ 2/100], reg_loss: 0.0668, transfer_loss: 0.7013, total_Loss: 0.9083, test_loss 0.300637, test_acc: 0.4506
Validation loss decreased (0.300637 --> 0.268443).  Saving model ...
Epoch: [ 3/100], reg_loss: 0.0479, transfer_loss: 0.7030, total_Loss: 0.8915, test_loss 0.268443, test_acc: 0.4739
EarlyStopping counter: 1 out of 10
Epoch: [ 4/100], reg_loss: 0.0439, transfer_loss: 0.6953, total_Loss: 0.8782, test_loss 0.460395, test_acc: 0.1750
EarlyStopping counter: 2 out of 10
Epoch: [ 5/100], reg_loss: 0.0415, transfer_loss: 0.6990, total_Loss: 0.8802, test_loss 0.661528, test_acc: -0.1310
EarlyStopping counter: 3 out of 10
Epoch: [ 6/100], reg_loss: 0.0308, transfer_loss: 0.6920, total_Loss: 0.8612, test_loss 0.500847, test_acc: 0.1387
EarlyStopping counter: 4 out of 10
Epoch: [ 7/100], reg_loss: 0.0312, transfer_loss: 0.6958, total_Loss: 0.8662, test_loss 0.419983, test_acc: 0.2452
Validation loss decreased (0.268443 --> 0.242855).  Saving model ...
Epoch: [ 8/100], reg_loss: 0.0257, transfer_loss: 0.6952, total_Loss: 0.8600, test_loss 0.242855, test_acc: 0.5770
EarlyStopping counter: 1 out of 10
Epoch: [ 9/100], reg_loss: 0.0238, transfer_loss: 0.6932, total_Loss: 0.8557, test_loss 0.342777, test_acc: 0.3965
EarlyStopping counter: 2 out of 10
Epoch: [10/100], reg_loss: 0.0222, transfer_loss: 0.6915, total_Loss: 0.8520, test_loss 0.406594, test_acc: 0.2844
EarlyStopping counter: 3 out of 10
Epoch: [11/100], reg_loss: 0.0219, transfer_loss: 0.6915, total_Loss: 0.8518, test_loss 0.699071, test_acc: -0.1708
EarlyStopping counter: 4 out of 10
Epoch: [12/100], reg_loss: 0.0202, transfer_loss: 0.6936, total_Loss: 0.8525, test_loss 0.384482, test_acc: 0.3397
EarlyStopping counter: 5 out of 10
Epoch: [13/100], reg_loss: 0.0196, transfer_loss: 0.6942, total_Loss: 0.8526, test_loss 0.768043, test_acc: -0.3514
EarlyStopping counter: 6 out of 10
Epoch: [14/100], reg_loss: 0.0253, transfer_loss: 0.6871, total_Loss: 0.8498, test_loss 0.872531, test_acc: -0.4960
EarlyStopping counter: 7 out of 10
Epoch: [15/100], reg_loss: 0.0314, transfer_loss: 0.6872, total_Loss: 0.8561, test_loss 0.673713, test_acc: -0.1303
EarlyStopping counter: 8 out of 10
Epoch: [16/100], reg_loss: 0.0291, transfer_loss: 0.6893, total_Loss: 0.8562, test_loss 0.347187, test_acc: 0.3801
EarlyStopping counter: 9 out of 10
Epoch: [17/100], reg_loss: 0.0295, transfer_loss: 0.6923, total_Loss: 0.8603, test_loss 0.546937, test_acc: 0.0815
EarlyStopping counter: 10 out of 10
Epoch: [18/100], reg_loss: 0.0241, transfer_loss: 0.6935, total_Loss: 0.8564, test_loss 0.622294, test_acc: -0.0472
Best result: 0.5770
test subjects id names: ['P_24_liziqing']
Model selection: Normal_DANN
source_loader len: 333, target_train_loader len:258, n_batch: 258
Validation loss decreased (inf --> 1.133214).  Saving model ...
Epoch: [ 1/100], reg_loss: 0.1399, transfer_loss: 0.5793, total_Loss: 0.8351, test_loss 1.133214, test_acc: 0.2089
EarlyStopping counter: 1 out of 10
Epoch: [ 2/100], reg_loss: 0.0620, transfer_loss: 0.6996, total_Loss: 0.9015, test_loss 1.382616, test_acc: 0.0474
Validation loss decreased (1.133214 --> 0.865450).  Saving model ...
Epoch: [ 3/100], reg_loss: 0.0533, transfer_loss: 0.7021, total_Loss: 0.8959, test_loss 0.865450, test_acc: 0.3901
EarlyStopping counter: 1 out of 10
Epoch: [ 4/100], reg_loss: 0.0395, transfer_loss: 0.6895, total_Loss: 0.8669, test_loss 1.085509, test_acc: 0.2404
EarlyStopping counter: 2 out of 10
Epoch: [ 5/100], reg_loss: 0.0356, transfer_loss: 0.6996, total_Loss: 0.8751, test_loss 1.011669, test_acc: 0.2889
EarlyStopping counter: 3 out of 10
Epoch: [ 6/100], reg_loss: 0.0294, transfer_loss: 0.6941, total_Loss: 0.8623, test_loss 0.929071, test_acc: 0.3453
EarlyStopping counter: 4 out of 10
Epoch: [ 7/100], reg_loss: 0.0269, transfer_loss: 0.6939, total_Loss: 0.8596, test_loss 1.425427, test_acc: -0.0041
EarlyStopping counter: 5 out of 10
Epoch: [ 8/100], reg_loss: 0.0262, transfer_loss: 0.6905, total_Loss: 0.8548, test_loss 0.932440, test_acc: 0.3357
Validation loss decreased (0.865450 --> 0.522701).  Saving model ...
Epoch: [ 9/100], reg_loss: 0.0238, transfer_loss: 0.6920, total_Loss: 0.8542, test_loss 0.522701, test_acc: 0.6383
EarlyStopping counter: 1 out of 10
Epoch: [10/100], reg_loss: 0.0240, transfer_loss: 0.6919, total_Loss: 0.8543, test_loss 0.738043, test_acc: 0.4818
EarlyStopping counter: 2 out of 10
Epoch: [11/100], reg_loss: 0.0221, transfer_loss: 0.6932, total_Loss: 0.8538, test_loss 0.704097, test_acc: 0.5136
EarlyStopping counter: 3 out of 10
Epoch: [12/100], reg_loss: 0.0217, transfer_loss: 0.6927, total_Loss: 0.8530, test_loss 0.651388, test_acc: 0.5462
EarlyStopping counter: 4 out of 10
Epoch: [13/100], reg_loss: 0.0204, transfer_loss: 0.6925, total_Loss: 0.8513, test_loss 0.703990, test_acc: 0.5082
EarlyStopping counter: 5 out of 10
Epoch: [14/100], reg_loss: 0.0195, transfer_loss: 0.6914, total_Loss: 0.8492, test_loss 0.824817, test_acc: 0.4165
EarlyStopping counter: 6 out of 10
Epoch: [15/100], reg_loss: 0.0208, transfer_loss: 0.6926, total_Loss: 0.8519, test_loss 1.017338, test_acc: 0.2978
EarlyStopping counter: 7 out of 10
Epoch: [16/100], reg_loss: 0.0210, transfer_loss: 0.6895, total_Loss: 0.8484, test_loss 0.900182, test_acc: 0.3630
EarlyStopping counter: 8 out of 10
Epoch: [17/100], reg_loss: 0.0187, transfer_loss: 0.6948, total_Loss: 0.8524, test_loss 0.977142, test_acc: 0.3232
EarlyStopping counter: 9 out of 10
Epoch: [18/100], reg_loss: 0.0179, transfer_loss: 0.6930, total_Loss: 0.8495, test_loss 0.769254, test_acc: 0.4591
EarlyStopping counter: 10 out of 10
Epoch: [19/100], reg_loss: 0.0163, transfer_loss: 0.6925, total_Loss: 0.8473, test_loss 0.863446, test_acc: 0.3925
Best result: 0.6383
