tensorflow version: 2.5.0
test subjects id names: ['subject_01']
Model selection: pretrained
source_loader len: 416, target_train_loader len:389, n_batch: 389
Validation loss decreased (inf --> 0.110469).  Saving model ...
Epoch: [ 1/100], reg_loss: 0.1522, transfer_loss: 0.0000, total_Loss: 0.1522, test_loss 0.110469, test_acc: 0.9238
EarlyStopping counter: 1 out of 7
Epoch: [ 2/100], reg_loss: 0.0487, transfer_loss: 0.0000, total_Loss: 0.0487, test_loss 0.132140, test_acc: 0.9125
EarlyStopping counter: 2 out of 7
Epoch: [ 3/100], reg_loss: 0.0386, transfer_loss: 0.0000, total_Loss: 0.0386, test_loss 0.138396, test_acc: 0.9083
EarlyStopping counter: 3 out of 7
Epoch: [ 4/100], reg_loss: 0.0342, transfer_loss: 0.0000, total_Loss: 0.0342, test_loss 0.142163, test_acc: 0.9071
EarlyStopping counter: 4 out of 7
Epoch: [ 5/100], reg_loss: 0.0312, transfer_loss: 0.0000, total_Loss: 0.0312, test_loss 0.140130, test_acc: 0.9116
EarlyStopping counter: 5 out of 7
Epoch: [ 6/100], reg_loss: 0.0291, transfer_loss: 0.0000, total_Loss: 0.0291, test_loss 0.139152, test_acc: 0.9129
EarlyStopping counter: 6 out of 7
Epoch: [ 7/100], reg_loss: 0.0273, transfer_loss: 0.0000, total_Loss: 0.0273, test_loss 0.131830, test_acc: 0.9153
EarlyStopping counter: 7 out of 7
Epoch: [ 8/100], reg_loss: 0.0259, transfer_loss: 0.0000, total_Loss: 0.0259, test_loss 0.128457, test_acc: 0.9199
Best result: 0.9238
test subjects id names: ['subject_02']
Model selection: pretrained
source_loader len: 416, target_train_loader len:389, n_batch: 389
